<?xml version="1.0" encoding="UTF-8"?>
<!-- Generated by org.testng.reporters.JUnitReportReporter -->
<testsuite skipped="0" hostname="LAPTOP-LED56F62" name="cucumberOptions.TestRunner" tests="1" failures="1" timestamp="21 Jul 2020 04:52:02 GMT" time="2.830" errors="0">
  <testcase name="runScenario" time="2.830" classname="cucumberOptions.TestRunner">
    <failure type="java.lang.AssertionError" message="expected [&lt;company&gt;] but found [IG Infotech]">
      <![CDATA[java.lang.AssertionError: expected [<company>] but found [IG Infotech]
at org.testng.Assert.fail(Assert.java:96)
at org.testng.Assert.failNotEquals(Assert.java:776)
at org.testng.Assert.assertEqualsImpl(Assert.java:137)
at org.testng.Assert.assertEquals(Assert.java:118)
at org.testng.Assert.assertEquals(Assert.java:453)
at org.testng.Assert.assertEquals(Assert.java:463)
at stepDefinations.StepDefination.user_will_get_Company_name_as(StepDefination.java:76)
at ✽.user will get Company name as "<company>"(file:///C:/WorkSpace/Interview/src/test/java/features/employee.feature:10)
]]>
    </failure>
  </testcase> <!-- runScenario -->
</testsuite> <!-- cucumberOptions.TestRunner -->
